TN:
SF:src\collections.models.map.ts
FN:6,(anonymous_1)
FN:10,(anonymous_2)
FN:16,(anonymous_3)
FN:20,(anonymous_4)
FNF:4
FNH:4
FNDA:5,(anonymous_1)
FNDA:6,(anonymous_2)
FNDA:5,(anonymous_3)
FNDA:5,(anonymous_4)
DA:3,3
DA:5,3
DA:7,5
DA:11,6
DA:12,6
DA:13,2
DA:17,5
DA:21,5
DA:24,3
LF:9
LH:9
BRDA:12,0,0,4
BRDA:12,0,1,2
BRF:2
BRH:2
end_of_record
TN:
SF:src\mongo.backend.ts
FN:14,(anonymous_8)
FN:18,(anonymous_9)
FN:22,(anonymous_10)
FN:26,(anonymous_11)
FN:38,(anonymous_13)
FN:46,(anonymous_15)
FN:54,(anonymous_17)
FN:58,(anonymous_19)
FN:65,(anonymous_21)
FN:69,(anonymous_22)
FN:77,(anonymous_24)
FNF:11
FNH:11
FNDA:27,(anonymous_8)
FNDA:2,(anonymous_9)
FNDA:1,(anonymous_10)
FNDA:2,(anonymous_11)
FNDA:3,(anonymous_13)
FNDA:3,(anonymous_15)
FNDA:1,(anonymous_17)
FNDA:10,(anonymous_19)
FNDA:6,(anonymous_21)
FNDA:2,(anonymous_22)
FNDA:2,(anonymous_24)
DA:3,3
DA:9,3
DA:11,3
DA:15,27
DA:19,2
DA:23,1
DA:27,2
DA:32,2
DA:33,2
DA:35,2
DA:39,3
DA:40,3
DA:41,2
DA:43,3
DA:47,3
DA:48,3
DA:49,3
DA:51,3
DA:55,1
DA:59,10
DA:60,6
DA:61,5
DA:62,1
DA:66,6
DA:70,2
DA:71,2
DA:72,2
DA:74,2
DA:78,2
LF:29
LH:29
BRDA:59,0,0,4
BRDA:59,0,1,6
BRDA:60,1,0,1
BRDA:60,1,1,5
BRDA:61,2,0,4
BRDA:61,2,1,1
BRDA:66,3,0,2
BRDA:66,3,1,4
BRDA:66,4,0,2
BRDA:66,4,1,4
BRDA:66,5,0,6
BRDA:66,5,1,5
BRF:12
BRH:12
end_of_record
TN:
SF:src\mongodb.connector.ts
FN:6,(anonymous_8)
FN:10,(anonymous_10)
FN:11,(anonymous_11)
FN:12,(anonymous_12)
FN:15,(anonymous_13)
FN:16,(anonymous_14)
FN:17,(anonymous_15)
FN:25,(anonymous_16)
FN:31,(anonymous_17)
FNF:9
FNH:9
FNDA:5,(anonymous_8)
FNDA:1,(anonymous_10)
FNDA:1,(anonymous_11)
FNDA:1,(anonymous_12)
FNDA:1,(anonymous_13)
FNDA:1,(anonymous_14)
FNDA:1,(anonymous_15)
FNDA:2,(anonymous_16)
FNDA:1,(anonymous_17)
DA:3,2
DA:5,2
DA:7,5
DA:8,4
DA:10,3
DA:11,3
DA:12,3
DA:14,3
DA:15,3
DA:16,3
DA:17,3
DA:19,3
DA:22,4
DA:26,2
LF:14
LH:14
BRDA:7,0,0,4
BRDA:7,0,1,1
BRF:2
BRH:2
end_of_record
TN:
SF:src\owservable.mongodb.ts
FNF:0
FNH:0
DA:3,1
DA:4,1
DA:5,1
DA:7,1
DA:8,1
DA:9,1
DA:10,1
DA:11,1
DA:12,1
DA:13,1
DA:16,1
DA:17,1
DA:18,1
DA:19,1
DA:20,1
DA:21,1
DA:22,1
DA:23,1
DA:24,1
DA:25,1
DA:27,1
DA:28,1
LF:22
LH:22
BRF:0
BRH:0
end_of_record
TN:
SF:src\functions\observable.database.factory.ts
FN:5,(anonymous_1)
FNF:1
FNH:1
FNDA:19,(anonymous_1)
DA:3,3
DA:5,19
DA:6,3
LF:3
LH:3
BRF:0
BRH:0
end_of_record
TN:
SF:src\functions\observable.database.ts
FN:13,(anonymous_1)
FN:18,(anonymous_2)
FN:25,(anonymous_3)
FN:30,(anonymous_4)
FN:45,(anonymous_5)
FN:56,(anonymous_6)
FN:66,(anonymous_7)
FN:83,(anonymous_8)
FNF:8
FNH:8
FNDA:11,(anonymous_1)
FNDA:10,(anonymous_2)
FNDA:15,(anonymous_3)
FNDA:2,(anonymous_4)
FNDA:3,(anonymous_5)
FNDA:1,(anonymous_6)
FNDA:1,(anonymous_7)
FNDA:5,(anonymous_8)
DA:3,3
DA:4,3
DA:14,11
DA:15,11
DA:19,10
DA:20,10
DA:22,10
DA:26,15
DA:28,15
DA:30,15
DA:31,2
DA:32,2
DA:33,1
DA:35,1
DA:36,1
DA:45,15
DA:46,3
DA:47,3
DA:53,3
DA:56,15
DA:57,1
DA:58,1
DA:63,1
DA:66,15
DA:67,1
DA:68,1
DA:73,1
DA:76,15
DA:84,5
DA:85,5
DA:86,5
DA:87,4
DA:90,1
DA:93,5
DA:96,3
LF:35
LH:35
BRDA:14,0,0,10
BRDA:14,0,1,1
BRDA:86,1,0,4
BRDA:86,1,1,1
BRF:4
BRH:4
end_of_record
TN:
SF:src\functions\observable.model.factory.ts
FN:8,(anonymous_1)
FNF:1
FNH:1
FNDA:16,(anonymous_1)
DA:6,5
DA:8,16
DA:9,5
LF:3
LH:3
BRF:0
BRH:0
end_of_record
TN:
SF:src\functions\observable.model.ts
FN:14,(anonymous_1)
FN:22,(anonymous_2)
FN:28,(anonymous_3)
FN:43,(anonymous_4)
FN:54,(anonymous_5)
FN:64,(anonymous_6)
FN:81,(anonymous_7)
FNF:7
FNH:7
FNDA:14,(anonymous_1)
FNDA:19,(anonymous_2)
FNDA:2,(anonymous_3)
FNDA:3,(anonymous_4)
FNDA:1,(anonymous_5)
FNDA:1,(anonymous_6)
FNDA:5,(anonymous_7)
DA:3,6
DA:5,6
DA:15,14
DA:16,14
DA:17,14
DA:19,14
DA:23,19
DA:24,19
DA:26,19
DA:28,19
DA:29,2
DA:30,2
DA:31,1
DA:33,1
DA:34,1
DA:43,19
DA:44,3
DA:45,3
DA:51,3
DA:54,19
DA:55,1
DA:56,1
DA:61,1
DA:64,19
DA:65,1
DA:66,1
DA:71,1
DA:74,19
DA:82,5
DA:83,5
DA:84,5
DA:85,4
DA:88,1
DA:91,5
DA:94,6
LF:35
LH:35
BRDA:84,0,0,4
BRDA:84,0,1,1
BRF:2
BRH:2
end_of_record
TN:
SF:src\functions\observable.models.map.ts
FN:10,(anonymous_1)
FN:15,(anonymous_2)
FN:27,(anonymous_3)
FNF:3
FNH:3
FNDA:19,(anonymous_1)
FNDA:16,(anonymous_2)
FNDA:12,(anonymous_3)
DA:5,6
DA:11,19
DA:12,19
DA:16,16
DA:17,16
DA:19,16
DA:20,16
DA:22,16
DA:28,12
DA:31,6
LF:10
LH:10
BRDA:11,0,0,12
BRDA:11,0,1,7
BRDA:20,1,0,13
BRDA:20,1,1,3
BRF:4
BRH:4
end_of_record
TN:
SF:src\functions\process.models.ts
FN:14,(anonymous_10)
FN:22,(anonymous_11)
FN:26,(anonymous_12)
FN:29,(anonymous_13)
FN:35,(anonymous_14)
FN:46,(anonymous_15)
FN:47,(anonymous_16)
FN:50,(anonymous_17)
FN:57,(anonymous_18)
FN:60,(anonymous_19)
FN:62,(anonymous_20)
FNF:11
FNH:11
FNDA:8,(anonymous_10)
FNDA:38,(anonymous_11)
FNDA:16,(anonymous_12)
FNDA:38,(anonymous_13)
FNDA:29,(anonymous_14)
FNDA:29,(anonymous_15)
FNDA:29,(anonymous_16)
FNDA:15,(anonymous_17)
FNDA:7,(anonymous_18)
FNDA:24,(anonymous_19)
FNDA:31,(anonymous_20)
DA:3,2
DA:4,2
DA:6,2
DA:7,2
DA:9,2
DA:11,2
DA:12,2
DA:14,2
DA:15,8
DA:16,8
DA:17,4
DA:18,3
DA:19,3
DA:22,2
DA:23,38
DA:24,13
DA:26,16
DA:29,2
DA:30,38
DA:32,31
DA:35,31
DA:36,29
DA:37,29
DA:38,29
DA:46,31
DA:47,31
DA:50,31
DA:51,15
DA:52,15
DA:53,8
DA:57,26
DA:60,2
DA:61,24
DA:62,31
DA:65,2
LF:35
LH:35
BRDA:17,0,0,1
BRDA:17,0,1,3
BRDA:23,1,0,25
BRDA:23,1,1,13
BRDA:24,2,0,4
BRDA:24,2,1,9
BRDA:30,3,0,7
BRDA:30,3,1,31
BRDA:52,4,0,7
BRDA:52,4,1,8
BRDA:52,5,0,15
BRDA:52,5,1,10
BRDA:60,6,0,1
BRF:13
BRH:13
end_of_record
TN:
SF:src\functions\index\add.down.indices.to.attributes.ts
FN:7,(anonymous_1)
FNF:1
FNH:1
FNDA:7,(anonymous_1)
DA:5,3
DA:7,7
DA:8,3
LF:3
LH:3
BRF:0
BRH:0
end_of_record
TN:
SF:src\functions\index\add.index.to.attributes.ts
FN:5,(anonymous_0)
FN:6,(anonymous_1)
FNF:2
FNH:2
FNDA:7,(anonymous_0)
FNDA:9,(anonymous_1)
DA:5,6
DA:6,7
DA:7,9
DA:8,9
DA:9,9
DA:13,6
LF:6
LH:6
BRF:0
BRH:0
end_of_record
TN:
SF:src\functions\index\add.up.and.down.indices.to.attributes.ts
FN:8,(anonymous_1)
FNF:1
FNH:1
FNDA:8,(anonymous_1)
DA:5,2
DA:6,2
DA:8,2
DA:9,8
DA:10,8
DA:12,2
LF:6
LH:6
BRF:0
BRH:0
end_of_record
TN:
SF:src\functions\index\add.up.indices.to.attributes.ts
FN:7,(anonymous_1)
FNF:1
FNH:1
FNDA:7,(anonymous_1)
DA:5,3
DA:7,7
DA:8,3
LF:3
LH:3
BRF:0
BRH:0
end_of_record
